<?xml version="1.0" encoding="UTF-8"?>
<!-- Generated by org.testng.reporters.JUnitReportReporter -->
<testsuite hostname="MYTSP01930" failures="0" tests="3" name="Day3.Demo1Test" time="0.008" errors="0" timestamp="2021-03-30T16:40:57 IST" skipped="0">
  <testcase classname="Day3.Demo1Test" name="b" time="0.001"/>
  <system-out/>
  <testcase classname="Day3.Demo1Test" name="c" time="0.000"/>
  <system-out/>
  <testcase classname="Day3.Demo1Test" name="a" time="0.007"/>
  <system-out/>
</testsuite> <!-- Day3.Demo1Test -->
