<?xml version="1.0" encoding="UTF-8"?>
<testng-results ignored="0" total="3" passed="3" failed="0" skipped="0">
  <reporter-output>
  </reporter-output>
  <suite started-at="2021-03-30T16:40:57 IST" name="Default suite" finished-at="2021-03-30T16:40:57 IST" duration-ms="36">
    <groups>
    </groups>
    <test started-at="2021-03-30T16:40:57 IST" name="Default test" finished-at="2021-03-30T16:40:57 IST" duration-ms="36">
      <class name="Day3.Demo1Test">
        <test-method signature="a()[pri:0, instance:Day3.Demo1Test@1d9b7cce]" started-at="2021-03-30T16:40:57 IST" name="a" finished-at="2021-03-30T16:40:57 IST" duration-ms="7" status="PASS">
          <reporter-output>
          </reporter-output>
        </test-method> <!-- a -->
        <test-method signature="b()[pri:0, instance:Day3.Demo1Test@1d9b7cce]" started-at="2021-03-30T16:40:57 IST" name="b" finished-at="2021-03-30T16:40:57 IST" duration-ms="1" status="PASS">
          <reporter-output>
          </reporter-output>
        </test-method> <!-- b -->
        <test-method signature="c()[pri:0, instance:Day3.Demo1Test@1d9b7cce]" started-at="2021-03-30T16:40:57 IST" name="c" finished-at="2021-03-30T16:40:57 IST" duration-ms="0" status="PASS">
          <reporter-output>
          </reporter-output>
        </test-method> <!-- c -->
      </class> <!-- Day3.Demo1Test -->
    </test> <!-- Default test -->
  </suite> <!-- Default suite -->
</testng-results>
